<?xml version="1.0" encoding="UTF-8"?>
<!-- Generated by org.testng.reporters.JUnitXMLReporter -->
<testsuite hostname="DESKTOP-U2315UQ" ignored="0" name="Default test" tests="6" failures="0" timestamp="19 Jul 2020 18:10:53 GMT" time="29.045" errors="0">
  <testcase name="autoRegisterValidity" time="1.39" classname="com.auto.service.impl.AutoFunctionImpl"/>
  <testcase name="autoRegister" time="1.025" classname="com.auto.service.impl.AutoFunctionImpl"/>
  <testcase name="autoLogin" time="3.18" classname="com.auto.service.impl.AutoFunctionImpl"/>
  <testcase name="loginAuthentication" time="1.018" classname="com.auto.service.impl.AutoFunctionImpl"/>
  <testcase name="search" time="2.932" classname="com.auto.service.impl.AutoFunctionImpl"/>
  <testcase name="addToCart" time="4.927" classname="com.auto.service.impl.AutoFunctionImpl"/>
</testsuite> <!-- Default test -->
